<?xml version="1.0" encoding="UTF-8"?>
<!-- Generated by org.testng.reporters.JUnitReportReporter -->
<testsuite hostname="USER-20151206XD" name="com.demo.test.testcases.openurl.OpenurlPage_op_openurlsucss_Test" tests="1" failures="0" timestamp="21 Mar 2019 05:44:27 GMT" time="35.662" errors="1">
  <testcase name="openurlsucss" time="35.662" classname="com.demo.test.testcases.openurl.OpenurlPage_op_openurlsucss_Test">
    <error type="java.lang.AssertionError" message="Failed to click element [By.cssSelector: body &gt; div.layui-layout.layui-layout-admin &gt; div.layui-side.layui-bg-black &gt; div.navBar.layui-side-scroll &gt; ul &gt; li.layui-nav-item.math]">
      <![CDATA[java.lang.AssertionError: Failed to click element [By.cssSelector: body > div.layui-layout.layui-layout-admin > div.layui-side.layui-bg-black > div.navBar.layui-side-scroll > ul > li.layui-nav-item.math]
	at org.testng.Assert.fail(Assert.java:83)
	at com.demo.test.utils.SeleniumUtil.click(SeleniumUtil.java:122)
	at com.demo.test.utils.SuperAction.parseExcel(SuperAction.java:225)
	at com.demo.test.testcases.openurl.OpenurlPage_op_openurlsucss_Test.openurlsucss(OpenurlPage_op_openurlsucss_Test.java:8)
	at sun.reflect.NativeMethodAccessorImpl.invoke0(Native Method)
	at sun.reflect.NativeMethodAccessorImpl.invoke(NativeMethodAccessorImpl.java:62)
	at sun.reflect.DelegatingMethodAccessorImpl.invoke(DelegatingMethodAccessorImpl.java:43)
	at java.lang.reflect.Method.invoke(Method.java:498)
	at org.testng.internal.MethodInvocationHelper.invokeMethod(MethodInvocationHelper.java:84)
	at org.testng.internal.Invoker.invokeMethod(Invoker.java:714)
	at org.testng.internal.Invoker.invokeTestMethod(Invoker.java:901)
	at org.testng.internal.Invoker.invokeTestMethods(Invoker.java:1231)
	at org.testng.internal.TestMethodWorker.invokeTestMethods(TestMethodWorker.java:127)
	at org.testng.internal.TestMethodWorker.run(TestMethodWorker.java:111)
	at org.testng.TestRunner.privateRun(TestRunner.java:767)
	at org.testng.TestRunner.run(TestRunner.java:617)
	at org.testng.SuiteRunner.runTest(SuiteRunner.java:335)
	at org.testng.SuiteRunner.runSequentially(SuiteRunner.java:330)
	at org.testng.SuiteRunner.privateRun(SuiteRunner.java:291)
	at org.testng.SuiteRunner.run(SuiteRunner.java:240)
	at org.testng.SuiteRunnerWorker.runSuite(SuiteRunnerWorker.java:52)
	at org.testng.SuiteRunnerWorker.run(SuiteRunnerWorker.java:86)
	at org.testng.TestNG.runSuitesSequentially(TestNG.java:1224)
	at org.testng.TestNG.runSuitesLocally(TestNG.java:1149)
	at org.testng.TestNG.run(TestNG.java:1057)
	at org.testng.remote.RemoteTestNG.run(RemoteTestNG.java:111)
	at org.testng.remote.RemoteTestNG.initAndRun(RemoteTestNG.java:204)
	at org.testng.remote.RemoteTestNG.main(RemoteTestNG.java:175)
Caused by: java.lang.Exception: org.openqa.selenium.NoSuchElementException: no such element: Unable to locate element: {"method":"css selector","selector":"body > div.layui-layout.layui-layout-admin > div.layui-side.layui-bg-black > div.navBar.layui-side-scroll > ul > li.layui-nav-item.math"}
  (Session info: chrome=69.0.3497.100)
  (Driver info: chromedriver=2.36.540470 (e522d04694c7ebea4ba8821272dbef4f9b818c91),platform=Windows NT 6.1.7601 SP1 x86_64) (WARNING: The server did not provide any stacktrace information)
Command duration or timeout: 13 milliseconds
For documentation on this error, please visit: http://seleniumhq.org/exceptions/no_such_element.html
Build info: version: '3.4.0', revision: 'unknown', time: 'unknown'
System info: host: 'USER-20151206XD', ip: '169.254.203.19', os.name: 'Windows 7', os.arch: 'amd64', os.version: '6.1', java.version: '1.8.0_141'
Driver info: org.openqa.selenium.chrome.ChromeDriver
Capabilities [{applicationCacheEnabled=false, rotatable=false, mobileEmulationEnabled=false, networkConnectionEnabled=false, chrome={chromedriverVersion=2.36.540470 (e522d04694c7ebea4ba8821272dbef4f9b818c91), userDataDir=C:\Users\ADMINI~1\AppData\Local\Temp\scoped_dir5844_10206}, takesHeapSnapshot=true, pageLoadStrategy=normal, databaseEnabled=false, handlesAlerts=true, hasTouchScreen=false, version=69.0.3497.100, platform=XP, browserConnectionEnabled=false, nativeEvents=true, acceptSslCerts=false, acceptInsecureCerts=false, locationContextEnabled=true, webStorageEnabled=true, browserName=chrome, takesScreenshot=true, javascriptEnabled=true, cssSelectorsEnabled=true, setWindowRect=true, unexpectedAlertBehaviour=}]
Session ID: 794b6220ff3870f49fef36addd690b4e
*** Element info: {Using=css selector, value=body > div.layui-layout.layui-layout-admin > div.layui-side.layui-bg-black > div.navBar.layui-side-scroll > ul > li.layui-nav-item.math}
	at com.demo.test.utils.SeleniumUtil.clickTheClickable(SeleniumUtil.java:167)
	at com.demo.test.utils.SeleniumUtil.clickTheClickable(SeleniumUtil.java:171)
	at com.demo.test.utils.SeleniumUtil.clickTheClickable(SeleniumUtil.java:171)
	at com.demo.test.utils.SeleniumUtil.clickTheClickable(SeleniumUtil.java:171)
	at com.demo.test.utils.SeleniumUtil.clickTheClickable(SeleniumUtil.java:171)
	at com.demo.test.utils.SeleniumUtil.clickTheClickable(SeleniumUtil.java:171)
	at com.demo.test.utils.SeleniumUtil.click(SeleniumUtil.java:116)
	... 26 more
Caused by: org.openqa.selenium.NoSuchElementException: no such element: Unable to locate element: {"method":"css selector","selector":"body > div.layui-layout.layui-layout-admin > div.layui-side.layui-bg-black > div.navBar.layui-side-scroll > ul > li.layui-nav-item.math"}
  (Session info: chrome=69.0.3497.100)
  (Driver info: chromedriver=2.36.540470 (e522d04694c7ebea4ba8821272dbef4f9b818c91),platform=Windows NT 6.1.7601 SP1 x86_64) (WARNING: The server did not provide any stacktrace information)
Command duration or timeout: 13 milliseconds
For documentation on this error, please visit: http://seleniumhq.org/exceptions/no_such_element.html
Build info: version: '3.4.0', revision: 'unknown', time: 'unknown'
System info: host: 'USER-20151206XD', ip: '169.254.203.19', os.name: 'Windows 7', os.arch: 'amd64', os.version: '6.1', java.version: '1.8.0_141'
Driver info: org.openqa.selenium.chrome.ChromeDriver
Capabilities [{applicationCacheEnabled=false, rotatable=false, mobileEmulationEnabled=false, networkConnectionEnabled=false, chrome={chromedriverVersion=2.36.540470 (e522d04694c7ebea4ba8821272dbef4f9b818c91), userDataDir=C:\Users\ADMINI~1\AppData\Local\Temp\scoped_dir5844_10206}, takesHeapSnapshot=true, pageLoadStrategy=normal, databaseEnabled=false, handlesAlerts=true, hasTouchScreen=false, version=69.0.3497.100, platform=XP, browserConnectionEnabled=false, nativeEvents=true, acceptSslCerts=false, acceptInsecureCerts=false, locationContextEnabled=true, webStorageEnabled=true, browserName=chrome, takesScreenshot=true, javascriptEnabled=true, cssSelectorsEnabled=true, setWindowRect=true, unexpectedAlertBehaviour=}]
Session ID: 794b6220ff3870f49fef36addd690b4e
*** Element info: {Using=css selector, value=body > div.layui-layout.layui-layout-admin > div.layui-side.layui-bg-black > div.navBar.layui-side-scroll > ul > li.layui-nav-item.math}
	at sun.reflect.NativeConstructorAccessorImpl.newInstance0(Native Method)
	at sun.reflect.NativeConstructorAccessorImpl.newInstance(NativeConstructorAccessorImpl.java:62)
	at sun.reflect.DelegatingConstructorAccessorImpl.newInstance(DelegatingConstructorAccessorImpl.java:45)
	at java.lang.reflect.Constructor.newInstance(Constructor.java:423)
	at org.openqa.selenium.remote.ErrorHandler.createThrowable(ErrorHandler.java:215)
	at org.openqa.selenium.remote.ErrorHandler.throwIfResponseFailed(ErrorHandler.java:167)
	at org.openqa.selenium.remote.RemoteWebDriver.execute(RemoteWebDriver.java:671)
	at org.openqa.selenium.remote.RemoteWebDriver.findElement(RemoteWebDriver.java:410)
	at org.openqa.selenium.remote.RemoteWebDriver.findElementByCssSelector(RemoteWebDriver.java:501)
	at org.openqa.selenium.By$ByCssSelector.findElement(By.java:430)
	at org.openqa.selenium.remote.RemoteWebDriver.findElement(RemoteWebDriver.java:402)
	at com.demo.test.utils.SeleniumUtil.findElementBy(SeleniumUtil.java:94)
	at com.demo.test.utils.SeleniumUtil.clickTheClickable(SeleniumUtil.java:163)
	... 32 more
]]>
    </error>
  </testcase> <!-- openurlsucss -->
</testsuite> <!-- com.demo.test.testcases.openurl.OpenurlPage_op_openurlsucss_Test -->
