<html>
<head>
<title>TestNG:  Login</title>
<link href="../testng.css" rel="stylesheet" type="text/css" />
<link href="../my-testng.css" rel="stylesheet" type="text/css" />

<style type="text/css">
.log { display: none;} 
.stack-trace { display: none;} 
</style>
<script type="text/javascript">
<!--
function flip(e) {
  current = e.style.display;
  if (current == 'block') {
    e.style.display = 'none';
    return 0;
  }
  else {
    e.style.display = 'block';
    return 1;
  }
}

function toggleBox(szDivId, elem, msg1, msg2)
{
  var res = -1;  if (document.getElementById) {
    res = flip(document.getElementById(szDivId));
  }
  else if (document.all) {
    // this is the way old msie versions work
    res = flip(document.all[szDivId]);
  }
  if(elem) {
    if(res == 0) elem.innerHTML = msg1; else elem.innerHTML = msg2;
  }

}

function toggleAllBoxes() {
  if (document.getElementsByTagName) {
    d = document.getElementsByTagName('div');
    for (i = 0; i < d.length; i++) {
      if (d[i].className == 'log') {
        flip(d[i]);
      }
    }
  }
}

// -->
</script>

</head>
<body>
<h2 align='center'>Login</h2><table border='1' align="center">
<tr>
<td>Tests passed/Failed/Skipped:</td><td>3/2/0</td>
</tr><tr>
<td>Started on:</td><td>Sat Mar 23 02:02:01 CST 2019</td>
</tr>
<tr><td>Total time:</td><td>38 seconds (38661 ms)</td>
</tr><tr>
<td>Included groups:</td><td></td>
</tr><tr>
<td>Excluded groups:</td><td></td>
</tr>
</table><p/>
<small><i>(Hover the method name to see the test class name)</i></small><p/>
<table width='100%' border='1' class='invocation-failed'>
<tr><td colspan='4' align='center'><b>FAILED TESTS</b></td></tr>
<tr><td><b>Test method</b></td>
<td width="30%"><b>Exception</b></td>
<td width="10%"><b>Time (seconds)</b></td>
<td><b>Instance</b></td>
</tr>
<tr>
<td title='com.demo.test.testcases.openurl.OpenurlPage_op004_openurlfail_Test.openurlfail()'><b>openurlfail</b><br>Test class: com.demo.test.testcases.openurl.OpenurlPage_op004_openurlfail_Test<br/>
<a href="#Output-594858858" onClick='toggleBox("Output-594858858", this, "Show output", "Hide output");'>Show output</a>

<a href="#Output-594858858" onClick="toggleAllBoxes();">Show all outputs</a>
<div class='log' id="Output-594858858">
result/screenshot/2019_03_23_02_02_40_openurlfail.jpg<br/>
<img src="../../result/screenshot/2019_03_23_02_02_40_openurlfail.jpg"/><br/>
</div>
</td>
<td><div><pre>org.openqa.selenium.TimeoutException: timeout
  (Session info: chrome=69.0.3497.100)
  (Driver info: chromedriver=2.36.540470 (e522d04694c7ebea4ba8821272dbef4f9b818c91),platform=Windows NT 6.1.7601 SP1 x86_64) (WARNING: The server did not provide any stacktrace information)
Command duration or timeout: 20.01 seconds
Build info: version: &apos;2.51.0&apos;, revision: &apos;1af067d&apos;, time: &apos;2016-02-05 19:15:17&apos;
System info: host: &apos;USER-20151206XD&apos;, ip: &apos;169.254.203.19&apos;, os.name: &apos;Windows 7&apos;, os.arch: &apos;amd64&apos;, os.version: &apos;6.1&apos;, java.version: &apos;1.8.0_141&apos;
Driver info: org.openqa.selenium.chrome.ChromeDriver
Capabilities [{applicationCacheEnabled=false, rotatable=false, mobileEmulationEnabled=false, networkConnectionEnabled=false, chrome={chromedriverVersion=2.36.540470 (e522d04694c7ebea4ba8821272dbef4f9b818c91), userDataDir=C:\Users\ADMINI~1\AppData\Local\Temp\scoped_dir11028_23187}, takesHeapSnapshot=true, pageLoadStrategy=normal, databaseEnabled=false, handlesAlerts=true, hasTouchScreen=false, version=69.0.3497.100, platform=XP, browserConnectionEnabled=false, nativeEvents=true, acceptSslCerts=false, acceptInsecureCerts=false, locationContextEnabled=true, webStorageEnabled=true, browserName=chrome, takesScreenshot=true, javascriptEnabled=true, cssSelectorsEnabled=true, setWindowRect=true, unexpectedAlertBehaviour=}]
Session ID: d5fdbbf0b17490497cc6ae0220ced53f
	at org.openqa.selenium.remote.ErrorHandler.createThrowable(ErrorHandler.java:206)
	at org.openqa.selenium.remote.ErrorHandler.throwIfResponseFailed(ErrorHandler.java:158)
	at org.openqa.selenium.remote.RemoteWebDriver.execute(RemoteWebDriver.java:678)
	at org.openqa.selenium.remote.RemoteWebDriver.get(RemoteWebDriver.java:316)
	at com.demo.test.utils.SeleniumUtil.get(SeleniumUtil.java:509)
	at com.demo.test.utils.SuperAction.parseExcel(SuperAction.java:200)
	at com.demo.test.testcases.openurl.OpenurlPage_op004_openurlfail_Test.openurlfail(OpenurlPage_op004_openurlfail_Test.java:8)
... Removed 28 stack frames</pre></div><a href='#' onClick='toggleBox("stack-trace594858858", this, "Click to show all stack frames", "Click to hide stack frames")'>Click to show all stack frames</a>
<div class='stack-trace' id='stack-trace594858858'><pre>org.openqa.selenium.TimeoutException: timeout
  (Session info: chrome=69.0.3497.100)
  (Driver info: chromedriver=2.36.540470 (e522d04694c7ebea4ba8821272dbef4f9b818c91),platform=Windows NT 6.1.7601 SP1 x86_64) (WARNING: The server did not provide any stacktrace information)
Command duration or timeout: 20.01 seconds
Build info: version: &apos;2.51.0&apos;, revision: &apos;1af067d&apos;, time: &apos;2016-02-05 19:15:17&apos;
System info: host: &apos;USER-20151206XD&apos;, ip: &apos;169.254.203.19&apos;, os.name: &apos;Windows 7&apos;, os.arch: &apos;amd64&apos;, os.version: &apos;6.1&apos;, java.version: &apos;1.8.0_141&apos;
Driver info: org.openqa.selenium.chrome.ChromeDriver
Capabilities [{applicationCacheEnabled=false, rotatable=false, mobileEmulationEnabled=false, networkConnectionEnabled=false, chrome={chromedriverVersion=2.36.540470 (e522d04694c7ebea4ba8821272dbef4f9b818c91), userDataDir=C:\Users\ADMINI~1\AppData\Local\Temp\scoped_dir11028_23187}, takesHeapSnapshot=true, pageLoadStrategy=normal, databaseEnabled=false, handlesAlerts=true, hasTouchScreen=false, version=69.0.3497.100, platform=XP, browserConnectionEnabled=false, nativeEvents=true, acceptSslCerts=false, acceptInsecureCerts=false, locationContextEnabled=true, webStorageEnabled=true, browserName=chrome, takesScreenshot=true, javascriptEnabled=true, cssSelectorsEnabled=true, setWindowRect=true, unexpectedAlertBehaviour=}]
Session ID: d5fdbbf0b17490497cc6ae0220ced53f
	at sun.reflect.NativeConstructorAccessorImpl.newInstance0(Native Method)
	at sun.reflect.NativeConstructorAccessorImpl.newInstance(NativeConstructorAccessorImpl.java:62)
	at sun.reflect.DelegatingConstructorAccessorImpl.newInstance(DelegatingConstructorAccessorImpl.java:45)
	at java.lang.reflect.Constructor.newInstance(Constructor.java:423)
	at org.openqa.selenium.remote.ErrorHandler.createThrowable(ErrorHandler.java:206)
	at org.openqa.selenium.remote.ErrorHandler.throwIfResponseFailed(ErrorHandler.java:158)
	at org.openqa.selenium.remote.RemoteWebDriver.execute(RemoteWebDriver.java:678)
	at org.openqa.selenium.remote.RemoteWebDriver.get(RemoteWebDriver.java:316)
	at com.demo.test.utils.SeleniumUtil.get(SeleniumUtil.java:509)
	at com.demo.test.utils.SuperAction.parseExcel(SuperAction.java:200)
	at com.demo.test.testcases.openurl.OpenurlPage_op004_openurlfail_Test.openurlfail(OpenurlPage_op004_openurlfail_Test.java:8)
	at sun.reflect.NativeMethodAccessorImpl.invoke0(Native Method)
	at sun.reflect.NativeMethodAccessorImpl.invoke(NativeMethodAccessorImpl.java:62)
	at sun.reflect.DelegatingMethodAccessorImpl.invoke(DelegatingMethodAccessorImpl.java:43)
	at java.lang.reflect.Method.invoke(Method.java:498)
	at org.testng.internal.MethodInvocationHelper.invokeMethod(MethodInvocationHelper.java:84)
	at org.testng.internal.Invoker.invokeMethod(Invoker.java:714)
	at org.testng.internal.Invoker.invokeTestMethod(Invoker.java:901)
	at org.testng.internal.Invoker.invokeTestMethods(Invoker.java:1231)
	at org.testng.internal.TestMethodWorker.invokeTestMethods(TestMethodWorker.java:127)
	at org.testng.internal.TestMethodWorker.run(TestMethodWorker.java:111)
	at org.testng.TestRunner.privateRun(TestRunner.java:767)
	at org.testng.TestRunner.run(TestRunner.java:617)
	at org.testng.SuiteRunner.runTest(SuiteRunner.java:335)
	at org.testng.SuiteRunner.runSequentially(SuiteRunner.java:330)
	at org.testng.SuiteRunner.privateRun(SuiteRunner.java:291)
	at org.testng.SuiteRunner.run(SuiteRunner.java:240)
	at org.testng.SuiteRunnerWorker.runSuite(SuiteRunnerWorker.java:52)
	at org.testng.SuiteRunnerWorker.run(SuiteRunnerWorker.java:86)
	at org.testng.TestNG.runSuitesSequentially(TestNG.java:1224)
	at org.testng.TestNG.runSuitesLocally(TestNG.java:1149)
	at org.testng.TestNG.run(TestNG.java:1057)
	at org.testng.remote.RemoteTestNG.run(RemoteTestNG.java:111)
	at org.testng.remote.RemoteTestNG.initAndRun(RemoteTestNG.java:204)
	at org.testng.remote.RemoteTestNG.main(RemoteTestNG.java:175)
</pre></div></td>
<td>20</td>
<td>com.demo.test.testcases.openurl.OpenurlPage_op004_openurlfail_Test@7946e1f4</td></tr>
<tr>
<td title='com.demo.test.testcases.openurl.OpenurlPage_op003_openurlsucss_Test.openurlsucss()'><b>openurlsucss</b><br>Test class: com.demo.test.testcases.openurl.OpenurlPage_op003_openurlsucss_Test<br/>
<a href="#Output-727666004" onClick='toggleBox("Output-727666004", this, "Show output", "Hide output");'>Show output</a>

<a href="#Output-727666004" onClick="toggleAllBoxes();">Show all outputs</a>
<div class='log' id="Output-727666004">
result/screenshot/2019_03_23_02_02_19_openurlsucss.jpg<br/>
<img src="../../result/screenshot/2019_03_23_02_02_19_openurlsucss.jpg"/><br/>
</div>
</td>
<td><div><pre>java.lang.NoSuchMethodError: org.openqa.selenium.support.ui.WebDriverWait.until(Ljava/util/function/Function;)Ljava/lang/Object;
	at com.demo.test.utils.SeleniumUtil.waitForElementToLoad(SeleniumUtil.java:240)
	at com.demo.test.utils.SuperAction.parseExcel(SuperAction.java:247)
	at com.demo.test.testcases.openurl.OpenurlPage_op003_openurlsucss_Test.openurlsucss(OpenurlPage_op003_openurlsucss_Test.java:8)
... Removed 24 stack frames</pre></div><a href='#' onClick='toggleBox("stack-trace727666004", this, "Click to show all stack frames", "Click to hide stack frames")'>Click to show all stack frames</a>
<div class='stack-trace' id='stack-trace727666004'><pre>java.lang.NoSuchMethodError: org.openqa.selenium.support.ui.WebDriverWait.until(Ljava/util/function/Function;)Ljava/lang/Object;
	at com.demo.test.utils.SeleniumUtil.waitForElementToLoad(SeleniumUtil.java:240)
	at com.demo.test.utils.SuperAction.parseExcel(SuperAction.java:247)
	at com.demo.test.testcases.openurl.OpenurlPage_op003_openurlsucss_Test.openurlsucss(OpenurlPage_op003_openurlsucss_Test.java:8)
	at sun.reflect.NativeMethodAccessorImpl.invoke0(Native Method)
	at sun.reflect.NativeMethodAccessorImpl.invoke(NativeMethodAccessorImpl.java:62)
	at sun.reflect.DelegatingMethodAccessorImpl.invoke(DelegatingMethodAccessorImpl.java:43)
	at java.lang.reflect.Method.invoke(Method.java:498)
	at org.testng.internal.MethodInvocationHelper.invokeMethod(MethodInvocationHelper.java:84)
	at org.testng.internal.Invoker.invokeMethod(Invoker.java:714)
	at org.testng.internal.Invoker.invokeTestMethod(Invoker.java:901)
	at org.testng.internal.Invoker.invokeTestMethods(Invoker.java:1231)
	at org.testng.internal.TestMethodWorker.invokeTestMethods(TestMethodWorker.java:127)
	at org.testng.internal.TestMethodWorker.run(TestMethodWorker.java:111)
	at org.testng.TestRunner.privateRun(TestRunner.java:767)
	at org.testng.TestRunner.run(TestRunner.java:617)
	at org.testng.SuiteRunner.runTest(SuiteRunner.java:335)
	at org.testng.SuiteRunner.runSequentially(SuiteRunner.java:330)
	at org.testng.SuiteRunner.privateRun(SuiteRunner.java:291)
	at org.testng.SuiteRunner.run(SuiteRunner.java:240)
	at org.testng.SuiteRunnerWorker.runSuite(SuiteRunnerWorker.java:52)
	at org.testng.SuiteRunnerWorker.run(SuiteRunnerWorker.java:86)
	at org.testng.TestNG.runSuitesSequentially(TestNG.java:1224)
	at org.testng.TestNG.runSuitesLocally(TestNG.java:1149)
	at org.testng.TestNG.run(TestNG.java:1057)
	at org.testng.remote.RemoteTestNG.run(RemoteTestNG.java:111)
	at org.testng.remote.RemoteTestNG.initAndRun(RemoteTestNG.java:204)
	at org.testng.remote.RemoteTestNG.main(RemoteTestNG.java:175)
</pre></div></td>
<td>1</td>
<td>com.demo.test.testcases.openurl.OpenurlPage_op003_openurlsucss_Test@6276ae34</td></tr>
</table><p>
<table width='100%' border='1' class='invocation-passed'>
<tr><td colspan='4' align='center'><b>PASSED TESTS</b></td></tr>
<tr><td><b>Test method</b></td>
<td width="30%"><b>Exception</b></td>
<td width="10%"><b>Time (seconds)</b></td>
<td><b>Instance</b></td>
</tr>
<tr>
<td title='com.demo.test.testcases.login.LoginPage_op002_loginfail_Test.loginfail()'><b>loginfail</b><br>Test class: com.demo.test.testcases.login.LoginPage_op002_loginfail_Test<br/>
<a href="#Output-746280996" onClick='toggleBox("Output-746280996", this, "Show output", "Hide output");'>Show output</a>

<a href="#Output-746280996" onClick="toggleAllBoxes();">Show all outputs</a>
<div class='log' id="Output-746280996">
result/screenshot/2019_03_23_02_02_18_loginfail.jpg<br/>
<img src="../../result/screenshot/2019_03_23_02_02_18_loginfail.jpg"/><br/>
</div>
</td>
<td></td>
<td>4</td>
<td>com.demo.test.testcases.login.LoginPage_op002_loginfail_Test@3c09711b</td></tr>
<tr>
<td title='com.demo.test.testcases.login.LoginPage_op001_loginsuc_Test.loginsuc()'><b>loginsuc</b><br>Test class: com.demo.test.testcases.login.LoginPage_op001_loginsuc_Test<br/>
<a href="#Output-697508322" onClick='toggleBox("Output-697508322", this, "Show output", "Hide output");'>Show output</a>

<a href="#Output-697508322" onClick="toggleAllBoxes();">Show all outputs</a>
<div class='log' id="Output-697508322">
result/screenshot/2019_03_23_02_02_13_loginsuc.jpg<br/>
<img src="../../result/screenshot/2019_03_23_02_02_13_loginsuc.jpg"/><br/>
</div>
</td>
<td></td>
<td>11</td>
<td>com.demo.test.testcases.login.LoginPage_op001_loginsuc_Test@531be3c5</td></tr>
<tr>
<td title='com.demo.test.testcases.cz.LoginPage_click_reset_Test.reset()'><b>reset</b><br>Test class: com.demo.test.testcases.cz.LoginPage_click_reset_Test<br/>
<a href="#Output-1800649922" onClick='toggleBox("Output-1800649922", this, "Show output", "Hide output");'>Show output</a>

<a href="#Output-1800649922" onClick="toggleAllBoxes();">Show all outputs</a>
<div class='log' id="Output-1800649922">
result/screenshot/2019_03_23_02_02_13_reset.jpg<br/>
<img src="../../result/screenshot/2019_03_23_02_02_13_reset.jpg"/><br/>
</div>
</td>
<td></td>
<td>0</td>
<td>com.demo.test.testcases.cz.LoginPage_click_reset_Test@39fb3ab6</td></tr>
</table><p>
</body>
</html>