<?xml version="1.0" encoding="UTF-8"?>
<!-- Generated by org.testng.reporters.JUnitXMLReporter -->
<testsuite hostname="USER-20151206XD" name="Login" tests="5" failures="2" timestamp="22 Mar 2019 18:02:40 GMT" time="38.661" errors="0">
  <testcase name="loginsuc" time="11.14" classname="com.demo.test.testcases.login.LoginPage_op001_loginsuc_Test"/>
  <testcase name="reset" time="0.22" classname="com.demo.test.testcases.cz.LoginPage_click_reset_Test"/>
  <testcase name="loginfail" time="4.024" classname="com.demo.test.testcases.login.LoginPage_op002_loginfail_Test"/>
  <testcase name="openurlsucss" time="1.306" classname="com.demo.test.testcases.openurl.OpenurlPage_op003_openurlsucss_Test">
    <failure type="java.lang.NoSuchMethodError" message="org.openqa.selenium.support.ui.WebDriverWait.until(Ljava/util/function/Function;)Ljava/lang/Object;">
      <![CDATA[java.lang.NoSuchMethodError: org.openqa.selenium.support.ui.WebDriverWait.until(Ljava/util/function/Function;)Ljava/lang/Object;
	at com.demo.test.utils.SeleniumUtil.waitForElementToLoad(SeleniumUtil.java:240)
	at com.demo.test.utils.SuperAction.parseExcel(SuperAction.java:247)
	at com.demo.test.testcases.openurl.OpenurlPage_op003_openurlsucss_Test.openurlsucss(OpenurlPage_op003_openurlsucss_Test.java:8)
... Removed 24 stack frames]]>
    </failure>
  </testcase> <!-- openurlsucss -->
  <testcase name="openurlfail" time="20.036" classname="com.demo.test.testcases.openurl.OpenurlPage_op004_openurlfail_Test">
    <failure type="org.openqa.selenium.TimeoutException" message="timeout
  (Session info: chrome=69.0.3497.100)
  (Driver info: chromedriver=2.36.540470 (e522d04694c7ebea4ba8821272dbef4f9b818c91),platform=Windows NT 6.1.7601 SP1 x86_64) (WARNING: The server did not provide any stacktrace information)
Command duration or timeout: 20.01 seconds
Build info: version: &amp;apos;2.51.0&amp;apos;, revision: &amp;apos;1af067d&amp;apos;, time: &amp;apos;2016-02-05 19:15:17&amp;apos;
System info: host: &amp;apos;USER-20151206XD&amp;apos;, ip: &amp;apos;169.254.203.19&amp;apos;, os.name: &amp;apos;Windows 7&amp;apos;, os.arch: &amp;apos;amd64&amp;apos;, os.version: &amp;apos;6.1&amp;apos;, java.version: &amp;apos;1.8.0_141&amp;apos;
Driver info: org.openqa.selenium.chrome.ChromeDriver
Capabilities [{applicationCacheEnabled=false, rotatable=false, mobileEmulationEnabled=false, networkConnectionEnabled=false, chrome={chromedriverVersion=2.36.540470 (e522d04694c7ebea4ba8821272dbef4f9b818c91), userDataDir=C:\Users\ADMINI~1\AppData\Local\Temp\scoped_dir11028_23187}, takesHeapSnapshot=true, pageLoadStrategy=normal, databaseEnabled=false, handlesAlerts=true, hasTouchScreen=false, version=69.0.3497.100, platform=XP, browserConnectionEnabled=false, nativeEvents=true, acceptSslCerts=false, acceptInsecureCerts=false, locationContextEnabled=true, webStorageEnabled=true, browserName=chrome, takesScreenshot=true, javascriptEnabled=true, cssSelectorsEnabled=true, setWindowRect=true, unexpectedAlertBehaviour=}]
Session ID: d5fdbbf0b17490497cc6ae0220ced53f">
      <![CDATA[org.openqa.selenium.TimeoutException: timeout
  (Session info: chrome=69.0.3497.100)
  (Driver info: chromedriver=2.36.540470 (e522d04694c7ebea4ba8821272dbef4f9b818c91),platform=Windows NT 6.1.7601 SP1 x86_64) (WARNING: The server did not provide any stacktrace information)
Command duration or timeout: 20.01 seconds
Build info: version: '2.51.0', revision: '1af067d', time: '2016-02-05 19:15:17'
System info: host: 'USER-20151206XD', ip: '169.254.203.19', os.name: 'Windows 7', os.arch: 'amd64', os.version: '6.1', java.version: '1.8.0_141'
Driver info: org.openqa.selenium.chrome.ChromeDriver
Capabilities [{applicationCacheEnabled=false, rotatable=false, mobileEmulationEnabled=false, networkConnectionEnabled=false, chrome={chromedriverVersion=2.36.540470 (e522d04694c7ebea4ba8821272dbef4f9b818c91), userDataDir=C:\Users\ADMINI~1\AppData\Local\Temp\scoped_dir11028_23187}, takesHeapSnapshot=true, pageLoadStrategy=normal, databaseEnabled=false, handlesAlerts=true, hasTouchScreen=false, version=69.0.3497.100, platform=XP, browserConnectionEnabled=false, nativeEvents=true, acceptSslCerts=false, acceptInsecureCerts=false, locationContextEnabled=true, webStorageEnabled=true, browserName=chrome, takesScreenshot=true, javascriptEnabled=true, cssSelectorsEnabled=true, setWindowRect=true, unexpectedAlertBehaviour=}]
Session ID: d5fdbbf0b17490497cc6ae0220ced53f
	at org.openqa.selenium.remote.ErrorHandler.createThrowable(ErrorHandler.java:206)
	at org.openqa.selenium.remote.ErrorHandler.throwIfResponseFailed(ErrorHandler.java:158)
	at org.openqa.selenium.remote.RemoteWebDriver.execute(RemoteWebDriver.java:678)
	at org.openqa.selenium.remote.RemoteWebDriver.get(RemoteWebDriver.java:316)
	at com.demo.test.utils.SeleniumUtil.get(SeleniumUtil.java:509)
	at com.demo.test.utils.SuperAction.parseExcel(SuperAction.java:200)
	at com.demo.test.testcases.openurl.OpenurlPage_op004_openurlfail_Test.openurlfail(OpenurlPage_op004_openurlfail_Test.java:8)
... Removed 28 stack frames]]>
    </failure>
  </testcase> <!-- openurlfail -->
</testsuite> <!-- Login -->
