<html>
<head>
<title>TestNG:  open</title>
<link href="../testng.css" rel="stylesheet" type="text/css" />
<link href="../my-testng.css" rel="stylesheet" type="text/css" />

<style type="text/css">
.log { display: none;} 
.stack-trace { display: none;} 
</style>
<script type="text/javascript">
<!--
function flip(e) {
  current = e.style.display;
  if (current == 'block') {
    e.style.display = 'none';
    return 0;
  }
  else {
    e.style.display = 'block';
    return 1;
  }
}

function toggleBox(szDivId, elem, msg1, msg2)
{
  var res = -1;  if (document.getElementById) {
    res = flip(document.getElementById(szDivId));
  }
  else if (document.all) {
    // this is the way old msie versions work
    res = flip(document.all[szDivId]);
  }
  if(elem) {
    if(res == 0) elem.innerHTML = msg1; else elem.innerHTML = msg2;
  }

}

function toggleAllBoxes() {
  if (document.getElementsByTagName) {
    d = document.getElementsByTagName('div');
    for (i = 0; i < d.length; i++) {
      if (d[i].className == 'log') {
        flip(d[i]);
      }
    }
  }
}

// -->
</script>

</head>
<body>
<h2 align='center'>open</h2><table border='1' align="center">
<tr>
<td>Tests passed/Failed/Skipped:</td><td>1/1/0</td>
</tr><tr>
<td>Started on:</td><td>Fri Mar 22 09:22:51 CST 2019</td>
</tr>
<tr><td>Total time:</td><td>17 seconds (17552 ms)</td>
</tr><tr>
<td>Included groups:</td><td></td>
</tr><tr>
<td>Excluded groups:</td><td></td>
</tr>
</table><p/>
<small><i>(Hover the method name to see the test class name)</i></small><p/>
<table width='100%' border='1' class='invocation-failed'>
<tr><td colspan='4' align='center'><b>FAILED TESTS</b></td></tr>
<tr><td><b>Test method</b></td>
<td width="30%"><b>Exception</b></td>
<td width="10%"><b>Time (seconds)</b></td>
<td><b>Instance</b></td>
</tr>
<tr>
<td title='com.demo.test.testcases.openurl.OpenurlPage_op003_openurlsucss_Test.openurlsucss()'><b>openurlsucss</b><br>Test class: com.demo.test.testcases.openurl.OpenurlPage_op003_openurlsucss_Test<br/>
<a href="#Output-1976166251" onClick='toggleBox("Output-1976166251", this, "Show output", "Hide output");'>Show output</a>

<a href="#Output-1976166251" onClick="toggleAllBoxes();">Show all outputs</a>
<div class='log' id="Output-1976166251">
result/screenshot/2019_03_22_09_23_00_openurlsucss.jpg<br/>
<img src="../../result/screenshot/2019_03_22_09_23_00_openurlsucss.jpg"/><br/>
</div>
</td>
<td><div><pre>java.lang.AssertionError: Failed to click element [By.cssSelector: body &gt; div.layui-layout.layui-layout-admin &gt; div.layui-side.layui-bg-black &gt; div.navBar.layui-side-scroll &gt; ul &gt; li.layui-nav-item.math]
	at com.demo.test.utils.SeleniumUtil.click(SeleniumUtil.java:122)
	at com.demo.test.utils.SuperAction.parseExcel(SuperAction.java:228)
	at com.demo.test.testcases.openurl.OpenurlPage_op003_openurlsucss_Test.openurlsucss(OpenurlPage_op003_openurlsucss_Test.java:8)
Caused by: java.lang.Exception: org.openqa.selenium.NoSuchElementException: no such element: Unable to locate element: {&quot;method&quot;:&quot;css selector&quot;,&quot;selector&quot;:&quot;body &gt; div.layui-layout.layui-layout-admin &gt; div.layui-side.layui-bg-black &gt; div.navBar.layui-side-scroll &gt; ul &gt; li.layui-nav-item.math&quot;}
  (Session info: chrome=69.0.3497.100)
  (Driver info: chromedriver=2.36.540470 (e522d04694c7ebea4ba8821272dbef4f9b818c91),platform=Windows NT 6.1.7601 SP1 x86_64) (WARNING: The server did not provide any stacktrace information)
Command duration or timeout: 12 milliseconds
For documentation on this error, please visit: http://seleniumhq.org/exceptions/no_such_element.html
Build info: version: &apos;3.4.0&apos;, revision: &apos;unknown&apos;, time: &apos;unknown&apos;
System info: host: &apos;USER-20151206XD&apos;, ip: &apos;169.254.203.19&apos;, os.name: &apos;Windows 7&apos;, os.arch: &apos;amd64&apos;, os.version: &apos;6.1&apos;, java.version: &apos;1.8.0_141&apos;
Driver info: org.openqa.selenium.chrome.ChromeDriver
Capabilities [{applicationCacheEnabled=false, rotatable=false, mobileEmulationEnabled=false, networkConnectionEnabled=false, chrome={chromedriverVersion=2.36.540470 (e522d04694c7ebea4ba8821272dbef4f9b818c91), userDataDir=C:\Users\ADMINI~1\AppData\Local\Temp\scoped_dir6184_14364}, takesHeapSnapshot=true, pageLoadStrategy=normal, databaseEnabled=false, handlesAlerts=true, hasTouchScreen=false, version=69.0.3497.100, platform=XP, browserConnectionEnabled=false, nativeEvents=true, acceptSslCerts=false, acceptInsecureCerts=false, locationContextEnabled=true, webStorageEnabled=true, browserName=chrome, takesScreenshot=true, javascriptEnabled=true, cssSelectorsEnabled=true, setWindowRect=true, unexpectedAlertBehaviour=}]
Session ID: 787713bf2f73091ce171c1ff95a6bf31
*** Element info: {Using=css selector, value=body &gt; div.layui-layout.layui-layout-admin &gt; div.layui-side.layui-bg-black &gt; div.navBar.layui-side-scroll &gt; ul &gt; li.layui-nav-item.math}
	at com.demo.test.utils.SeleniumUtil.clickTheClickable(SeleniumUtil.java:167)
	at com.demo.test.utils.SeleniumUtil.clickTheClickable(SeleniumUtil.java:171)
	at com.demo.test.utils.SeleniumUtil.clickTheClickable(SeleniumUtil.java:171)
	at com.demo.test.utils.SeleniumUtil.clickTheClickable(SeleniumUtil.java:171)
	at com.demo.test.utils.SeleniumUtil.clickTheClickable(SeleniumUtil.java:171)
	at com.demo.test.utils.SeleniumUtil.clickTheClickable(SeleniumUtil.java:171)
	at com.demo.test.utils.SeleniumUtil.click(SeleniumUtil.java:116)
	... 26 more
Caused by: org.openqa.selenium.NoSuchElementException: no such element: Unable to locate element: {&quot;method&quot;:&quot;css selector&quot;,&quot;selector&quot;:&quot;body &gt; div.layui-layout.layui-layout-admin &gt; div.layui-side.layui-bg-black &gt; div.navBar.layui-side-scroll &gt; ul &gt; li.layui-nav-item.math&quot;}
  (Session info: chrome=69.0.3497.100)
  (Driver info: chromedriver=2.36.540470 (e522d04694c7ebea4ba8821272dbef4f9b818c91),platform=Windows NT 6.1.7601 SP1 x86_64) (WARNING: The server did not provide any stacktrace information)
Command duration or timeout: 12 milliseconds
For documentation on this error, please visit: http://seleniumhq.org/exceptions/no_such_element.html
Build info: version: &apos;3.4.0&apos;, revision: &apos;unknown&apos;, time: &apos;unknown&apos;
System info: host: &apos;USER-20151206XD&apos;, ip: &apos;169.254.203.19&apos;, os.name: &apos;Windows 7&apos;, os.arch: &apos;amd64&apos;, os.version: &apos;6.1&apos;, java.version: &apos;1.8.0_141&apos;
Driver info: org.openqa.selenium.chrome.ChromeDriver
Capabilities [{applicationCacheEnabled=false, rotatable=false, mobileEmulationEnabled=false, networkConnectionEnabled=false, chrome={chromedriverVersion=2.36.540470 (e522d04694c7ebea4ba8821272dbef4f9b818c91), userDataDir=C:\Users\ADMINI~1\AppData\Local\Temp\scoped_dir6184_14364}, takesHeapSnapshot=true, pageLoadStrategy=normal, databaseEnabled=false, handlesAlerts=true, hasTouchScreen=false, version=69.0.3497.100, platform=XP, browserConnectionEnabled=false, nativeEvents=true, acceptSslCerts=false, acceptInsecureCerts=false, locationContextEnabled=true, webStorageEnabled=true, browserName=chrome, takesScreenshot=true, javascriptEnabled=true, cssSelectorsEnabled=true, setWindowRect=true, unexpectedAlertBehaviour=}]
Session ID: 787713bf2f73091ce171c1ff95a6bf31
*** Element info: {Using=css selector, value=body &gt; div.layui-layout.layui-layout-admin &gt; div.layui-side.layui-bg-black &gt; div.navBar.layui-side-scroll &gt; ul &gt; li.layui-nav-item.math}
	at org.openqa.selenium.remote.ErrorHandler.createThrowable(ErrorHandler.java:215)
	at org.openqa.selenium.remote.ErrorHandler.throwIfResponseFailed(ErrorHandler.java:167)
	at org.openqa.selenium.remote.RemoteWebDriver.execute(RemoteWebDriver.java:671)
	at org.openqa.selenium.remote.RemoteWebDriver.findElement(RemoteWebDriver.java:410)
	at org.openqa.selenium.remote.RemoteWebDriver.findElementByCssSelector(RemoteWebDriver.java:501)
	at org.openqa.selenium.By$ByCssSelector.findElement(By.java:430)
	at org.openqa.selenium.remote.RemoteWebDriver.findElement(RemoteWebDriver.java:402)
	at com.demo.test.utils.SeleniumUtil.findElementBy(SeleniumUtil.java:94)
	at com.demo.test.utils.SeleniumUtil.clickTheClickable(SeleniumUtil.java:163)
	... 32 more
... Removed 29 stack frames</pre></div><a href='#' onClick='toggleBox("stack-trace1976166251", this, "Click to show all stack frames", "Click to hide stack frames")'>Click to show all stack frames</a>
<div class='stack-trace' id='stack-trace1976166251'><pre>java.lang.AssertionError: Failed to click element [By.cssSelector: body &gt; div.layui-layout.layui-layout-admin &gt; div.layui-side.layui-bg-black &gt; div.navBar.layui-side-scroll &gt; ul &gt; li.layui-nav-item.math]
	at org.testng.Assert.fail(Assert.java:83)
	at com.demo.test.utils.SeleniumUtil.click(SeleniumUtil.java:122)
	at com.demo.test.utils.SuperAction.parseExcel(SuperAction.java:228)
	at com.demo.test.testcases.openurl.OpenurlPage_op003_openurlsucss_Test.openurlsucss(OpenurlPage_op003_openurlsucss_Test.java:8)
	at sun.reflect.NativeMethodAccessorImpl.invoke0(Native Method)
	at sun.reflect.NativeMethodAccessorImpl.invoke(NativeMethodAccessorImpl.java:62)
	at sun.reflect.DelegatingMethodAccessorImpl.invoke(DelegatingMethodAccessorImpl.java:43)
	at java.lang.reflect.Method.invoke(Method.java:498)
	at org.testng.internal.MethodInvocationHelper.invokeMethod(MethodInvocationHelper.java:84)
	at org.testng.internal.Invoker.invokeMethod(Invoker.java:714)
	at org.testng.internal.Invoker.invokeTestMethod(Invoker.java:901)
	at org.testng.internal.Invoker.invokeTestMethods(Invoker.java:1231)
	at org.testng.internal.TestMethodWorker.invokeTestMethods(TestMethodWorker.java:127)
	at org.testng.internal.TestMethodWorker.run(TestMethodWorker.java:111)
	at org.testng.TestRunner.privateRun(TestRunner.java:767)
	at org.testng.TestRunner.run(TestRunner.java:617)
	at org.testng.SuiteRunner.runTest(SuiteRunner.java:335)
	at org.testng.SuiteRunner.runSequentially(SuiteRunner.java:330)
	at org.testng.SuiteRunner.privateRun(SuiteRunner.java:291)
	at org.testng.SuiteRunner.run(SuiteRunner.java:240)
	at org.testng.SuiteRunnerWorker.runSuite(SuiteRunnerWorker.java:52)
	at org.testng.SuiteRunnerWorker.run(SuiteRunnerWorker.java:86)
	at org.testng.TestNG.runSuitesSequentially(TestNG.java:1224)
	at org.testng.TestNG.runSuitesLocally(TestNG.java:1149)
	at org.testng.TestNG.run(TestNG.java:1057)
	at org.testng.remote.RemoteTestNG.run(RemoteTestNG.java:111)
	at org.testng.remote.RemoteTestNG.initAndRun(RemoteTestNG.java:204)
	at org.testng.remote.RemoteTestNG.main(RemoteTestNG.java:175)
Caused by: java.lang.Exception: org.openqa.selenium.NoSuchElementException: no such element: Unable to locate element: {&quot;method&quot;:&quot;css selector&quot;,&quot;selector&quot;:&quot;body &gt; div.layui-layout.layui-layout-admin &gt; div.layui-side.layui-bg-black &gt; div.navBar.layui-side-scroll &gt; ul &gt; li.layui-nav-item.math&quot;}
  (Session info: chrome=69.0.3497.100)
  (Driver info: chromedriver=2.36.540470 (e522d04694c7ebea4ba8821272dbef4f9b818c91),platform=Windows NT 6.1.7601 SP1 x86_64) (WARNING: The server did not provide any stacktrace information)
Command duration or timeout: 12 milliseconds
For documentation on this error, please visit: http://seleniumhq.org/exceptions/no_such_element.html
Build info: version: &apos;3.4.0&apos;, revision: &apos;unknown&apos;, time: &apos;unknown&apos;
System info: host: &apos;USER-20151206XD&apos;, ip: &apos;169.254.203.19&apos;, os.name: &apos;Windows 7&apos;, os.arch: &apos;amd64&apos;, os.version: &apos;6.1&apos;, java.version: &apos;1.8.0_141&apos;
Driver info: org.openqa.selenium.chrome.ChromeDriver
Capabilities [{applicationCacheEnabled=false, rotatable=false, mobileEmulationEnabled=false, networkConnectionEnabled=false, chrome={chromedriverVersion=2.36.540470 (e522d04694c7ebea4ba8821272dbef4f9b818c91), userDataDir=C:\Users\ADMINI~1\AppData\Local\Temp\scoped_dir6184_14364}, takesHeapSnapshot=true, pageLoadStrategy=normal, databaseEnabled=false, handlesAlerts=true, hasTouchScreen=false, version=69.0.3497.100, platform=XP, browserConnectionEnabled=false, nativeEvents=true, acceptSslCerts=false, acceptInsecureCerts=false, locationContextEnabled=true, webStorageEnabled=true, browserName=chrome, takesScreenshot=true, javascriptEnabled=true, cssSelectorsEnabled=true, setWindowRect=true, unexpectedAlertBehaviour=}]
Session ID: 787713bf2f73091ce171c1ff95a6bf31
*** Element info: {Using=css selector, value=body &gt; div.layui-layout.layui-layout-admin &gt; div.layui-side.layui-bg-black &gt; div.navBar.layui-side-scroll &gt; ul &gt; li.layui-nav-item.math}
	at com.demo.test.utils.SeleniumUtil.clickTheClickable(SeleniumUtil.java:167)
	at com.demo.test.utils.SeleniumUtil.clickTheClickable(SeleniumUtil.java:171)
	at com.demo.test.utils.SeleniumUtil.clickTheClickable(SeleniumUtil.java:171)
	at com.demo.test.utils.SeleniumUtil.clickTheClickable(SeleniumUtil.java:171)
	at com.demo.test.utils.SeleniumUtil.clickTheClickable(SeleniumUtil.java:171)
	at com.demo.test.utils.SeleniumUtil.clickTheClickable(SeleniumUtil.java:171)
	at com.demo.test.utils.SeleniumUtil.click(SeleniumUtil.java:116)
	... 26 more
Caused by: org.openqa.selenium.NoSuchElementException: no such element: Unable to locate element: {&quot;method&quot;:&quot;css selector&quot;,&quot;selector&quot;:&quot;body &gt; div.layui-layout.layui-layout-admin &gt; div.layui-side.layui-bg-black &gt; div.navBar.layui-side-scroll &gt; ul &gt; li.layui-nav-item.math&quot;}
  (Session info: chrome=69.0.3497.100)
  (Driver info: chromedriver=2.36.540470 (e522d04694c7ebea4ba8821272dbef4f9b818c91),platform=Windows NT 6.1.7601 SP1 x86_64) (WARNING: The server did not provide any stacktrace information)
Command duration or timeout: 12 milliseconds
For documentation on this error, please visit: http://seleniumhq.org/exceptions/no_such_element.html
Build info: version: &apos;3.4.0&apos;, revision: &apos;unknown&apos;, time: &apos;unknown&apos;
System info: host: &apos;USER-20151206XD&apos;, ip: &apos;169.254.203.19&apos;, os.name: &apos;Windows 7&apos;, os.arch: &apos;amd64&apos;, os.version: &apos;6.1&apos;, java.version: &apos;1.8.0_141&apos;
Driver info: org.openqa.selenium.chrome.ChromeDriver
Capabilities [{applicationCacheEnabled=false, rotatable=false, mobileEmulationEnabled=false, networkConnectionEnabled=false, chrome={chromedriverVersion=2.36.540470 (e522d04694c7ebea4ba8821272dbef4f9b818c91), userDataDir=C:\Users\ADMINI~1\AppData\Local\Temp\scoped_dir6184_14364}, takesHeapSnapshot=true, pageLoadStrategy=normal, databaseEnabled=false, handlesAlerts=true, hasTouchScreen=false, version=69.0.3497.100, platform=XP, browserConnectionEnabled=false, nativeEvents=true, acceptSslCerts=false, acceptInsecureCerts=false, locationContextEnabled=true, webStorageEnabled=true, browserName=chrome, takesScreenshot=true, javascriptEnabled=true, cssSelectorsEnabled=true, setWindowRect=true, unexpectedAlertBehaviour=}]
Session ID: 787713bf2f73091ce171c1ff95a6bf31
*** Element info: {Using=css selector, value=body &gt; div.layui-layout.layui-layout-admin &gt; div.layui-side.layui-bg-black &gt; div.navBar.layui-side-scroll &gt; ul &gt; li.layui-nav-item.math}
	at sun.reflect.NativeConstructorAccessorImpl.newInstance0(Native Method)
	at sun.reflect.NativeConstructorAccessorImpl.newInstance(NativeConstructorAccessorImpl.java:62)
	at sun.reflect.DelegatingConstructorAccessorImpl.newInstance(DelegatingConstructorAccessorImpl.java:45)
	at java.lang.reflect.Constructor.newInstance(Constructor.java:423)
	at org.openqa.selenium.remote.ErrorHandler.createThrowable(ErrorHandler.java:215)
	at org.openqa.selenium.remote.ErrorHandler.throwIfResponseFailed(ErrorHandler.java:167)
	at org.openqa.selenium.remote.RemoteWebDriver.execute(RemoteWebDriver.java:671)
	at org.openqa.selenium.remote.RemoteWebDriver.findElement(RemoteWebDriver.java:410)
	at org.openqa.selenium.remote.RemoteWebDriver.findElementByCssSelector(RemoteWebDriver.java:501)
	at org.openqa.selenium.By$ByCssSelector.findElement(By.java:430)
	at org.openqa.selenium.remote.RemoteWebDriver.findElement(RemoteWebDriver.java:402)
	at com.demo.test.utils.SeleniumUtil.findElementBy(SeleniumUtil.java:94)
	at com.demo.test.utils.SeleniumUtil.clickTheClickable(SeleniumUtil.java:163)
	... 32 more
</pre></div></td>
<td>8</td>
<td>com.demo.test.testcases.openurl.OpenurlPage_op003_openurlsucss_Test@5dfcfece</td></tr>
</table><p>
<table width='100%' border='1' class='invocation-passed'>
<tr><td colspan='4' align='center'><b>PASSED TESTS</b></td></tr>
<tr><td><b>Test method</b></td>
<td width="30%"><b>Exception</b></td>
<td width="10%"><b>Time (seconds)</b></td>
<td><b>Instance</b></td>
</tr>
<tr>
<td title='com.demo.test.testcases.openurl.OpenurlPage_op004_openurlfail_Test.openurlfail()'><b>openurlfail</b><br>Test class: com.demo.test.testcases.openurl.OpenurlPage_op004_openurlfail_Test<br/>
<a href="#Output-1636322481" onClick='toggleBox("Output-1636322481", this, "Show output", "Hide output");'>Show output</a>

<a href="#Output-1636322481" onClick="toggleAllBoxes();">Show all outputs</a>
<div class='log' id="Output-1636322481">
result/screenshot/2019_03_22_09_23_08_openurlfail.jpg<br/>
<img src="../../result/screenshot/2019_03_22_09_23_08_openurlfail.jpg"/><br/>
</div>
</td>
<td></td>
<td>7</td>
<td>com.demo.test.testcases.openurl.OpenurlPage_op004_openurlfail_Test@4439f31e</td></tr>
</table><p>
</body>
</html>