<?xml version="1.0" encoding="UTF-8"?>
<!-- Generated by org.testng.reporters.JUnitXMLReporter -->
<testsuite hostname="USER-20151206XD" name="open" tests="2" failures="1" timestamp="22 Mar 2019 01:23:09 GMT" time="17.552" errors="0">
  <testcase name="openurlsucss" time="8.607" classname="com.demo.test.testcases.openurl.OpenurlPage_op003_openurlsucss_Test">
    <failure type="java.lang.AssertionError" message="Failed to click element [By.cssSelector: body &amp;gt; div.layui-layout.layui-layout-admin &amp;gt; div.layui-side.layui-bg-black &amp;gt; div.navBar.layui-side-scroll &amp;gt; ul &amp;gt; li.layui-nav-item.math]">
      <![CDATA[java.lang.AssertionError: Failed to click element [By.cssSelector: body > div.layui-layout.layui-layout-admin > div.layui-side.layui-bg-black > div.navBar.layui-side-scroll > ul > li.layui-nav-item.math]
	at com.demo.test.utils.SeleniumUtil.click(SeleniumUtil.java:122)
	at com.demo.test.utils.SuperAction.parseExcel(SuperAction.java:228)
	at com.demo.test.testcases.openurl.OpenurlPage_op003_openurlsucss_Test.openurlsucss(OpenurlPage_op003_openurlsucss_Test.java:8)
Caused by: java.lang.Exception: org.openqa.selenium.NoSuchElementException: no such element: Unable to locate element: {"method":"css selector","selector":"body > div.layui-layout.layui-layout-admin > div.layui-side.layui-bg-black > div.navBar.layui-side-scroll > ul > li.layui-nav-item.math"}
  (Session info: chrome=69.0.3497.100)
  (Driver info: chromedriver=2.36.540470 (e522d04694c7ebea4ba8821272dbef4f9b818c91),platform=Windows NT 6.1.7601 SP1 x86_64) (WARNING: The server did not provide any stacktrace information)
Command duration or timeout: 12 milliseconds
For documentation on this error, please visit: http://seleniumhq.org/exceptions/no_such_element.html
Build info: version: '3.4.0', revision: 'unknown', time: 'unknown'
System info: host: 'USER-20151206XD', ip: '169.254.203.19', os.name: 'Windows 7', os.arch: 'amd64', os.version: '6.1', java.version: '1.8.0_141'
Driver info: org.openqa.selenium.chrome.ChromeDriver
Capabilities [{applicationCacheEnabled=false, rotatable=false, mobileEmulationEnabled=false, networkConnectionEnabled=false, chrome={chromedriverVersion=2.36.540470 (e522d04694c7ebea4ba8821272dbef4f9b818c91), userDataDir=C:\Users\ADMINI~1\AppData\Local\Temp\scoped_dir6184_14364}, takesHeapSnapshot=true, pageLoadStrategy=normal, databaseEnabled=false, handlesAlerts=true, hasTouchScreen=false, version=69.0.3497.100, platform=XP, browserConnectionEnabled=false, nativeEvents=true, acceptSslCerts=false, acceptInsecureCerts=false, locationContextEnabled=true, webStorageEnabled=true, browserName=chrome, takesScreenshot=true, javascriptEnabled=true, cssSelectorsEnabled=true, setWindowRect=true, unexpectedAlertBehaviour=}]
Session ID: 787713bf2f73091ce171c1ff95a6bf31
*** Element info: {Using=css selector, value=body > div.layui-layout.layui-layout-admin > div.layui-side.layui-bg-black > div.navBar.layui-side-scroll > ul > li.layui-nav-item.math}
	at com.demo.test.utils.SeleniumUtil.clickTheClickable(SeleniumUtil.java:167)
	at com.demo.test.utils.SeleniumUtil.clickTheClickable(SeleniumUtil.java:171)
	at com.demo.test.utils.SeleniumUtil.clickTheClickable(SeleniumUtil.java:171)
	at com.demo.test.utils.SeleniumUtil.clickTheClickable(SeleniumUtil.java:171)
	at com.demo.test.utils.SeleniumUtil.clickTheClickable(SeleniumUtil.java:171)
	at com.demo.test.utils.SeleniumUtil.clickTheClickable(SeleniumUtil.java:171)
	at com.demo.test.utils.SeleniumUtil.click(SeleniumUtil.java:116)
	... 26 more
Caused by: org.openqa.selenium.NoSuchElementException: no such element: Unable to locate element: {"method":"css selector","selector":"body > div.layui-layout.layui-layout-admin > div.layui-side.layui-bg-black > div.navBar.layui-side-scroll > ul > li.layui-nav-item.math"}
  (Session info: chrome=69.0.3497.100)
  (Driver info: chromedriver=2.36.540470 (e522d04694c7ebea4ba8821272dbef4f9b818c91),platform=Windows NT 6.1.7601 SP1 x86_64) (WARNING: The server did not provide any stacktrace information)
Command duration or timeout: 12 milliseconds
For documentation on this error, please visit: http://seleniumhq.org/exceptions/no_such_element.html
Build info: version: '3.4.0', revision: 'unknown', time: 'unknown'
System info: host: 'USER-20151206XD', ip: '169.254.203.19', os.name: 'Windows 7', os.arch: 'amd64', os.version: '6.1', java.version: '1.8.0_141'
Driver info: org.openqa.selenium.chrome.ChromeDriver
Capabilities [{applicationCacheEnabled=false, rotatable=false, mobileEmulationEnabled=false, networkConnectionEnabled=false, chrome={chromedriverVersion=2.36.540470 (e522d04694c7ebea4ba8821272dbef4f9b818c91), userDataDir=C:\Users\ADMINI~1\AppData\Local\Temp\scoped_dir6184_14364}, takesHeapSnapshot=true, pageLoadStrategy=normal, databaseEnabled=false, handlesAlerts=true, hasTouchScreen=false, version=69.0.3497.100, platform=XP, browserConnectionEnabled=false, nativeEvents=true, acceptSslCerts=false, acceptInsecureCerts=false, locationContextEnabled=true, webStorageEnabled=true, browserName=chrome, takesScreenshot=true, javascriptEnabled=true, cssSelectorsEnabled=true, setWindowRect=true, unexpectedAlertBehaviour=}]
Session ID: 787713bf2f73091ce171c1ff95a6bf31
*** Element info: {Using=css selector, value=body > div.layui-layout.layui-layout-admin > div.layui-side.layui-bg-black > div.navBar.layui-side-scroll > ul > li.layui-nav-item.math}
	at org.openqa.selenium.remote.ErrorHandler.createThrowable(ErrorHandler.java:215)
	at org.openqa.selenium.remote.ErrorHandler.throwIfResponseFailed(ErrorHandler.java:167)
	at org.openqa.selenium.remote.RemoteWebDriver.execute(RemoteWebDriver.java:671)
	at org.openqa.selenium.remote.RemoteWebDriver.findElement(RemoteWebDriver.java:410)
	at org.openqa.selenium.remote.RemoteWebDriver.findElementByCssSelector(RemoteWebDriver.java:501)
	at org.openqa.selenium.By$ByCssSelector.findElement(By.java:430)
	at org.openqa.selenium.remote.RemoteWebDriver.findElement(RemoteWebDriver.java:402)
	at com.demo.test.utils.SeleniumUtil.findElementBy(SeleniumUtil.java:94)
	at com.demo.test.utils.SeleniumUtil.clickTheClickable(SeleniumUtil.java:163)
	... 32 more
... Removed 29 stack frames]]>
    </failure>
  </testcase> <!-- openurlsucss -->
  <testcase name="openurlfail" time="7.942" classname="com.demo.test.testcases.openurl.OpenurlPage_op004_openurlfail_Test"/>
</testsuite> <!-- open -->
